<?xml version="1.0" encoding="UTF-8"?>
<testng-results skipped="0" failed="0" ignored="0" total="1" passed="1">
  <reporter-output>
  </reporter-output>
  <suite name="Default suite" duration-ms="3817" started-at="2020-09-19T03:57:57 IST" finished-at="2020-09-19T03:58:01 IST">
    <groups>
    </groups>
    <test name="Default test" duration-ms="3817" started-at="2020-09-19T03:57:57 IST" finished-at="2020-09-19T03:58:01 IST">
      <class name="Week3Day1.LearnCookies">
        <test-method status="PASS" signature="learnCookies()[pri:0, instance:Week3Day1.LearnCookies@3cef309d]" name="learnCookies" duration-ms="3774" started-at="2020-09-19T03:57:57 IST" finished-at="2020-09-19T03:58:01 IST">
          <reporter-output>
          </reporter-output>
        </test-method> <!-- learnCookies -->
      </class> <!-- Week3Day1.LearnCookies -->
    </test> <!-- Default test -->
  </suite> <!-- Default suite -->
</testng-results>
